<?xml version="1.0" encoding="UTF-8"?>
<!-- Generated by org.testng.reporters.JUnitXMLReporter -->
<testsuite hostname="DESKTOP-4L4F65Q" ignored="1" name="lumacart test" tests="2" failures="1" timestamp="2023-11-25T12:26:26 IST" time="13.784" errors="0">
  <testcase name="login" time="7.263" classname="com.cart.testcases.Tc_001_Login"/>
  <testcase name="womenpages" time="0.007" classname="com.cart.testcases.Tc_001_Login">
    <failure type="java.lang.NullPointerException">
      <![CDATA[java.lang.NullPointerException
at java.util.Objects.requireNonNull(Objects.java:203)
at org.openqa.selenium.interactions.Actions.<init>(Actions.java:65)
at com.testPageObjects.WomenPage.<init>(WomenPage.java:19)
at com.cart.testcases.Tc_001_Login.womenpages(Tc_001_Login.java:34)
at java.util.ArrayList.forEach(ArrayList.java:1249)
... Removed 27 stack frames]]>
    </failure>
  </testcase> <!-- womenpages -->
  <testcase name="HomePages" time="0.0" classname="com.cart.testcases.Tc_001_Login">
    <ignored/>
  </testcase> <!-- HomePages -->
</testsuite> <!-- lumacart test -->
